<?xml version="1.0" encoding="UTF-8"?>
<!-- Generated by org.testng.reporters.JUnitReportReporter -->
<testsuite hostname="Chandra" failures="0" tests="1" name="com.store.tests.ProductPurchaseTest" time="60.541" errors="0" timestamp="2023-02-13T11:30:57 IST" skipped="0">
  <testcase classname="com.store.tests.ProductPurchaseTest" name="yourStorePurchaseProduct" time="60.541"/>
  <system-out/>
</testsuite> <!-- com.store.tests.ProductPurchaseTest -->
