<?xml version="1.0" encoding="UTF-8"?>
<!-- Generated by org.testng.reporters.JUnitReportReporter -->
<testsuite hostname="Chandra" failures="0" tests="1" name="com.store.tests.ProductPurchase" time="42.090" errors="0" timestamp="2022-11-12T18:58:29 IST" skipped="0">
  <testcase classname="com.store.tests.ProductPurchase" name="YourStorePurchaseProduct" time="42.090"/>
  <system-out/>
</testsuite> <!-- com.store.tests.ProductPurchase -->
